生成启动时间为 2016/8/29 10:40:23。
     1>项目“C:\Users\Administrator\Desktop\2016\001链表\001\001.vcxproj”在节点 2 上(Build 个目标)。
     1>ClCompile:
         C:\Program Files\Microsoft Visual Studio 11.0\VC\bin\CL.exe /c /ZI /nologo /W3 /WX- /Od /Oy- /D WIN32 /D _DEBUG /D _CONSOLE /D _UNICODE /D UNICODE /Gm /EHsc /RTC1 /MDd /GS /fp:precise /Zc:wchar_t /Zc:forScope /Fo"Debug\\" /Fd"Debug\vc110.pdb" /Gd /TP /analyze- /errorReport:prompt a2.cpp
         a2.cpp
     1>c:\users\administrator\desktop\2016\001链表\001\a2.cpp(7): warning C4996: 'gets': This function or variable may be unsafe. Consider using gets_s instead. To disable deprecation, use _CRT_SECURE_NO_WARNINGS. See online help for details.
                 c:\program files\microsoft visual studio 11.0\vc\include\stdio.h(261) : 参见“gets”的声明
       Link:
         C:\Program Files\Microsoft Visual Studio 11.0\VC\bin\link.exe /ERRORREPORT:PROMPT /OUT:"C:\Users\Administrator\Desktop\2016\001链表\Debug\001.exe" /INCREMENTAL /NOLOGO kernel32.lib user32.lib gdi32.lib winspool.lib comdlg32.lib advapi32.lib shell32.lib ole32.lib oleaut32.lib uuid.lib odbc32.lib odbccp32.lib /MANIFEST /MANIFESTUAC:"level='asInvoker' uiAccess='false'" /manifest:embed /DEBUG /PDB:"C:\Users\Administrator\Desktop\2016\001链表\Debug\001.pdb" /SUBSYSTEM:CONSOLE /TLBID:1 /DYNAMICBASE /NXCOMPAT /IMPLIB:"C:\Users\Administrator\Desktop\2016\001链表\Debug\001.lib" /MACHINE:X86 Debug\a1.obj
         Debug\a2.obj
         Debug\demo.obj
         Debug\demo1.obj
         Debug\demo2.obj
         Debug\demo3.obj
         Debug\stcmp.obj
         Debug\strcpy.obj
         "Debug\任意长度正整数相加.obj"
         "Debug\单词翻转.obj"
         "Debug\单词翻转2.obj"
         "Debug\单词翻转3.obj"
         "Debug\字符串中子串的查找.obj"
         "Debug\希尔排序.obj"
         "Debug\快速排序.obj"
         "Debug\插入排序.obj"
         "Debug\源.obj"
         "Debug\源1.obj"
         "Debug\源2.obj"
         "Debug\统计10的个数.obj"
         001.vcxproj -> C:\Users\Administrator\Desktop\2016\001链表\Debug\001.exe
     1>已完成生成项目“C:\Users\Administrator\Desktop\2016\001链表\001\001.vcxproj”(Build 个目标)的操作。

生成成功。

已用时间 00:00:01.55
