C:\USERS\ADMINISTRATOR\DESKTOP\2016\001链表\001\DEBUG\DEMO.OBJ
C:\USERS\ADMINISTRATOR\DESKTOP\2016\001链表\001\DEBUG\DEMO1.OBJ
C:\USERS\ADMINISTRATOR\DESKTOP\2016\001链表\001\DEBUG\STCMP.OBJ
C:\USERS\ADMINISTRATOR\DESKTOP\2016\001链表\001\DEBUG\STRCPY.OBJ
C:\USERS\ADMINISTRATOR\DESKTOP\2016\001链表\001\DEBUG\任意长度正整数相加.OBJ
C:\USERS\ADMINISTRATOR\DESKTOP\2016\001链表\001\DEBUG\单词翻转.OBJ
C:\USERS\ADMINISTRATOR\DESKTOP\2016\001链表\001\DEBUG\单词翻转2.OBJ
C:\USERS\ADMINISTRATOR\DESKTOP\2016\001链表\001\DEBUG\单词翻转3.OBJ
C:\USERS\ADMINISTRATOR\DESKTOP\2016\001链表\001\DEBUG\字符串中子串的查找.OBJ
C:\USERS\ADMINISTRATOR\DESKTOP\2016\001链表\001\DEBUG\希尔排序.OBJ
C:\USERS\ADMINISTRATOR\DESKTOP\2016\001链表\001\DEBUG\快速排序.OBJ
C:\USERS\ADMINISTRATOR\DESKTOP\2016\001链表\001\DEBUG\插入排序.OBJ
C:\USERS\ADMINISTRATOR\DESKTOP\2016\001链表\001\DEBUG\源.OBJ
C:\USERS\ADMINISTRATOR\DESKTOP\2016\001链表\001\DEBUG\源1.OBJ
C:\USERS\ADMINISTRATOR\DESKTOP\2016\001链表\001\DEBUG\源2.OBJ
C:\USERS\ADMINISTRATOR\DESKTOP\2016\001链表\001\DEBUG\统计10的个数.OBJ
C:\USERS\ADMINISTRATOR\DESKTOP\2016\001链表\001\DEBUG\VC110.PDB
C:\Users\Administrator\Desktop\2016\001链表\001\Debug\demo.obj
C:\Users\Administrator\Desktop\2016\001链表\001\Debug\demo1.obj
C:\Users\Administrator\Desktop\2016\001链表\001\Debug\stcmp.obj
C:\Users\Administrator\Desktop\2016\001链表\001\Debug\strcpy.obj
C:\Users\Administrator\Desktop\2016\001链表\001\Debug\任意长度正整数相加.obj
C:\Users\Administrator\Desktop\2016\001链表\001\Debug\单词翻转.obj
C:\Users\Administrator\Desktop\2016\001链表\001\Debug\单词翻转2.obj
C:\Users\Administrator\Desktop\2016\001链表\001\Debug\单词翻转3.obj
C:\Users\Administrator\Desktop\2016\001链表\001\Debug\字符串中子串的查找.obj
C:\Users\Administrator\Desktop\2016\001链表\001\Debug\希尔排序.obj
C:\Users\Administrator\Desktop\2016\001链表\001\Debug\快速排序.obj
C:\Users\Administrator\Desktop\2016\001链表\001\Debug\插入排序.obj
C:\Users\Administrator\Desktop\2016\001链表\001\Debug\源.obj
C:\Users\Administrator\Desktop\2016\001链表\001\Debug\源1.obj
C:\Users\Administrator\Desktop\2016\001链表\001\Debug\源2.obj
C:\Users\Administrator\Desktop\2016\001链表\001\Debug\统计10的个数.obj
C:\Users\Administrator\Desktop\2016\001链表\001\Debug\cl.command.1.tlog
C:\Users\Administrator\Desktop\2016\001链表\001\Debug\CL.read.1.tlog
C:\Users\Administrator\Desktop\2016\001链表\001\Debug\CL.write.1.tlog
C:\Users\Administrator\Desktop\2016\001链表\001\Debug\link.command.1.tlog
C:\Users\Administrator\Desktop\2016\001链表\001\Debug\link.read.1.tlog
C:\Users\Administrator\Desktop\2016\001链表\001\Debug\link.write.1.tlog
C:\Users\Administrator\Desktop\2016\001链表\001\Debug\vc110.idb
C:\Users\Administrator\Desktop\2016\001链表\001\Debug\vc110.pdb
C:\Users\Administrator\Desktop\2016\001链表\Debug\001.exe
